<?xml version="1.0" encoding="UTF-8"?>
<!-- Generated by org.testng.reporters.JUnitReportReporter -->
<testsuite hostname="DESKTOP-PJG7075" failures="0" tests="1" name="com.mphasis.testngproject.testngnewclass" time="0.006" errors="0" timestamp="23 Mar 2019 04:55:04 GMT" skipped="0">
  <testcase classname="com.mphasis.testngproject.testngnewclass" name="testnewclass" time="0.006"/>
</testsuite> <!-- com.mphasis.testngproject.testngnewclass -->
