<?xml version="1.0" encoding="UTF-8"?>
<!-- Generated by org.testng.reporters.JUnitReportReporter -->
<testsuite hostname="DESKTOP-PJG7075" failures="0" tests="1" name="com.mphasis.testngproject.TestNgClass" time="0.019" errors="0" timestamp="23 Mar 2019 04:55:42 GMT" skipped="0">
  <testcase classname="com.mphasis.testngproject.TestNgClass" name="f" time="0.019"/>
</testsuite> <!-- com.mphasis.testngproject.TestNgClass -->
